0 info it worked if it ends with ok
1 verbose cli [ '/Users/jrussom/.nvm/versions/node/v6.4.0/bin/node',
1 verbose cli   '/Users/jrussom/.nvm/versions/node/v6.4.0/bin/npm',
1 verbose cli   'run',
1 verbose cli   'dev-start' ]
2 info using npm@3.10.3
3 info using node@v6.4.0
4 verbose run-script [ 'predev-start', 'dev-start', 'postdev-start' ]
5 info lifecycle homepage@1.0.0~predev-start: homepage@1.0.0
6 silly lifecycle homepage@1.0.0~predev-start: no script for predev-start, continuing
7 info lifecycle homepage@1.0.0~dev-start: homepage@1.0.0
8 verbose lifecycle homepage@1.0.0~dev-start: unsafe-perm in lifecycle true
9 verbose lifecycle homepage@1.0.0~dev-start: PATH: /Users/jrussom/.nvm/versions/node/v6.4.0/lib/node_modules/npm/bin/node-gyp-bin:/Users/jrussom/Personal/homepage/node_modules/.bin:/Users/jrussom/.nvm/versions/node/v6.4.0/bin:/Users/jrussom/.sdkman/candidates/springboot/current/bin:/Library/Frameworks/Python.framework/Versions/3.5/bin:/Users/jrussom/.rvm/gems/jruby-1.7.4/bin:/Users/jrussom/.rvm/gems/jruby-1.7.4@global/bin:/Users/jrussom/.rvm/rubies/jruby-1.7.4/bin:/Users/jrussom/.nvm/versions/node/v6.4.0/bin:/usr/local/bin:/usr/bin:/bin:/usr/sbin:/sbin:/Applications/Wireshark.app/Contents/MacOS:/Users/jrussom/.rvm/bin:/Users/jrussom/Development/traveler/voldemort/3rdparty/apache-ant-1.7.0/bin:/Users/jrussom/Development/jrussom/scripts/voldemort:/Users/jrussom/Development/ha-tools/birdhouse/bin:/Users/jrussom/Development/ha-tools/birdhouse/lib:/Users/jrussom/.birdhouse/flocks/birdhouse-core/birds/certs/bin:/usr/libexec
10 verbose lifecycle homepage@1.0.0~dev-start: CWD: /Users/jrussom/Personal/homepage
11 silly lifecycle homepage@1.0.0~dev-start: Args: [ '-c', 'babel-node src/index.js' ]
12 silly lifecycle homepage@1.0.0~dev-start: Returned: code: 1  signal: null
13 info lifecycle homepage@1.0.0~dev-start: Failed to exec dev-start script
14 verbose stack Error: homepage@1.0.0 dev-start: `babel-node src/index.js`
14 verbose stack Exit status 1
14 verbose stack     at EventEmitter.<anonymous> (/Users/jrussom/.nvm/versions/node/v6.4.0/lib/node_modules/npm/lib/utils/lifecycle.js:242:16)
14 verbose stack     at emitTwo (events.js:106:13)
14 verbose stack     at EventEmitter.emit (events.js:191:7)
14 verbose stack     at ChildProcess.<anonymous> (/Users/jrussom/.nvm/versions/node/v6.4.0/lib/node_modules/npm/lib/utils/spawn.js:40:14)
14 verbose stack     at emitTwo (events.js:106:13)
14 verbose stack     at ChildProcess.emit (events.js:191:7)
14 verbose stack     at maybeClose (internal/child_process.js:852:16)
14 verbose stack     at Process.ChildProcess._handle.onexit (internal/child_process.js:215:5)
15 verbose pkgid homepage@1.0.0
16 verbose cwd /Users/jrussom/Personal/homepage
17 error Darwin 15.6.0
18 error argv "/Users/jrussom/.nvm/versions/node/v6.4.0/bin/node" "/Users/jrussom/.nvm/versions/node/v6.4.0/bin/npm" "run" "dev-start"
19 error node v6.4.0
20 error npm  v3.10.3
21 error code ELIFECYCLE
22 error homepage@1.0.0 dev-start: `babel-node src/index.js`
22 error Exit status 1
23 error Failed at the homepage@1.0.0 dev-start script 'babel-node src/index.js'.
23 error Make sure you have the latest version of node.js and npm installed.
23 error If you do, this is most likely a problem with the homepage package,
23 error not with npm itself.
23 error Tell the author that this fails on your system:
23 error     babel-node src/index.js
23 error You can get information on how to open an issue for this project with:
23 error     npm bugs homepage
23 error Or if that isn't available, you can get their info via:
23 error     npm owner ls homepage
23 error There is likely additional logging output above.
24 verbose exit [ 1, true ]
